#
# There is insufficient memory for the Java Runtime Environment to continue.
# Native memory allocation (mmap) failed to map 268435456 bytes for G1 virtual space
# Possible reasons:
#   The system is out of physical RAM or swap space
#   The process is running with CompressedOops enabled, and the Java Heap may be blocking the growth of the native heap
# Possible solutions:
#   Reduce memory load on the system
#   Increase physical memory or swap space
#   Check if swap backing store is full
#   Decrease Java heap size (-Xmx/-Xms)
#   Decrease number of Java threads
#   Decrease Java thread stack sizes (-Xss)
#   Set larger code cache with -XX:ReservedCodeCacheSize=
#   JVM is running with Zero Based Compressed Oops mode in which the Java heap is
#     placed in the first 32GB address space. The Java Heap base address is the
#     maximum limit for the native heap growth. Please use -XX:HeapBaseMinAddress
#     to set the Java Heap base and to place the Java Heap above 32GB virtual address.
# This output file may be truncated or incomplete.
#
#  Out of Memory Error (os_windows.cpp:3469), pid=25012, tid=24884
#
# JRE version:  (17.0.1+12) (build )
# Java VM: Java HotSpot(TM) 64-Bit Server VM (17.0.1+12-LTS-39, mixed mode, emulated-client, sharing, tiered, compressed oops, compressed class ptrs, g1 gc, windows-amd64)
# No core dump will be written. Minidumps are not enabled by default on client versions of Windows
#

---------------  S U M M A R Y ------------

Command Line: -XX:TieredStopAtLevel=1 -Dspring.output.ansi.enabled=always -Dcom.sun.management.jmxremote -Dspring.jmx.enabled=true -Dspring.liveBeansView.mbeanDomain -Dspring.application.admin.enabled=true -Dmanagement.endpoints.jmx.exposure.include=* -javaagent:D:\JavaCr\IntelliJ IDEA 2023.1\lib\idea_rt.jar=64712:D:\JavaCr\IntelliJ IDEA 2023.1\bin -Dfile.encoding=UTF-8 back.Application

Host: AMD Ryzen 7 2700X Eight-Core Processor         , 16 cores, 15G,  Windows 10 , 64 bit Build 19041 (10.0.19041.2788)
Time: Sun May  7 15:15:01 2023 RTZ 2 (s 10 , 64 bit Build 19041 (10.0.19041.2788) elapsed time: 0.020373 seconds (0d 0h 0m 0s)

---------------  T H R E A D  ---------------

Current thread (0x00000236e0bed6c0):  JavaThread "Unknown thread" [_thread_in_vm, id=24884, stack(0x00000064daf00000,0x00000064db000000)]

Stack: [0x00000064daf00000,0x00000064db000000]
Native frames: (J=compiled Java code, j=interpreted, Vv=VM code, C=native code)
V  [jvm.dll+0x66fa1a]
V  [jvm.dll+0x7ce5a4]
V  [jvm.dll+0x7cfd4e]
V  [jvm.dll+0x7d03b3]
V  [jvm.dll+0x242b05]
V  [jvm.dll+0x66ca39]
V  [jvm.dll+0x661502]
V  [jvm.dll+0x30081b]
V  [jvm.dll+0x307da6]
V  [jvm.dll+0x357a1e]
V  [jvm.dll+0x357c4f]
V  [jvm.dll+0x2d7ad8]
V  [jvm.dll+0x2d8a44]
V  [jvm.dll+0x7a01e1]
V  [jvm.dll+0x365791]
V  [jvm.dll+0x77f6cc]
V  [jvm.dll+0x3e812f]
V  [jvm.dll+0x3e9bd1]
C  [jli.dll+0x527b]
C  [ucrtbase.dll+0x21bb2]
C  [KERNEL32.DLL+0x17604]
C  [ntdll.dll+0x526a1]


---------------  P R O C E S S  ---------------

Threads class SMR info:
_java_thread_list=0x00007ffc34de7818, length=0, elements={
}

Java Threads: ( => current thread )

Other Threads:
  0x00000236e0c3ebf0 GCTaskThread "GC Thread#0" [stack: 0x00000064db000000,0x00000064db100000] [id=3308]
  0x00000236e0c50990 ConcurrentGCThread "G1 Main Marker" [stack: 0x00000064db100000,0x00000064db200000] [id=23168]
  0x00000236e0c51a50 ConcurrentGCThread "G1 Conc#0" [stack: 0x00000064db200000,0x00000064db300000] [id=21576]

[error occurred during error reporting (printing all threads), id 0xc0000005, EXCEPTION_ACCESS_VIOLATION (0xc0000005) at pc=0x00007ffc346384b7]

VM state: not at safepoint (not fully initialized)

VM Mutex/Monitor currently owned by a thread:  ([mutex/lock_event])
[0x00000236e0bea270] Heap_lock - owner thread: 0x00000236e0bed6c0

Heap address: 0x0000000700c00000, size: 4084 MB, Compressed Oops mode: Zero based, Oop shift amount: 3

CDS archive(s) mapped at: [0x0000000000000000-0x0000000000000000-0x0000000000000000), size 0, SharedBaseAddress: 0x0000000800000000, ArchiveRelocationMode: 0.
Narrow klass base: 0x0000000000000000, Narrow klass shift: 0, Narrow klass range: 0x0

GC Precious Log:
<Empty>

Heap:
 garbage-first heap   total 0K, used 0K [0x0000000700c00000, 0x0000000800000000)
  region size 2048K, 0 young (0K), 0 survivors (0K)

[error occurred during error reporting (printing heap information), id 0xc0000005, EXCEPTION_ACCESS_VIOLATION (0xc0000005) at pc=0x00007ffc34a18d89]

GC Heap History (0 events):
No events

Deoptimization events (0 events):
No events

Classes unloaded (0 events):
No events

Classes redefined (0 events):
No events

Internal exceptions (0 events):
No events

VM Operations (0 events):
No events

Events (1 events):
Event: 0.012 Loaded shared library C:\Program Files\Java\jdk-17.0.1\bin\java.dll


Dynamic libraries:
0x00007ff65b560000 - 0x00007ff65b570000 	C:\Program Files\Java\jdk-17.0.1\bin\java.exe
0x00007ffcdfb10000 - 0x00007ffcdfd08000 	C:\WINDOWS\SYSTEM32\ntdll.dll
0x00007ffcde460000 - 0x00007ffcde51f000 	C:\WINDOWS\System32\KERNEL32.DLL
0x00007ffcdd1f0000 - 0x00007ffcdd4ca000 	C:\WINDOWS\System32\KERNELBASE.dll
0x00007ffcdd5e0000 - 0x00007ffcdd6e0000 	C:\WINDOWS\System32\ucrtbase.dll
0x00007ffcc2840000 - 0x00007ffcc285a000 	C:\Program Files\Java\jdk-17.0.1\bin\VCRUNTIME140.dll
0x00007ffcc5d80000 - 0x00007ffcc5d98000 	C:\Program Files\Java\jdk-17.0.1\bin\jli.dll
0x00007ffcddd60000 - 0x00007ffcdde0e000 	C:\WINDOWS\System32\ADVAPI32.dll
0x00007ffcdf590000 - 0x00007ffcdf62e000 	C:\WINDOWS\System32\msvcrt.dll
0x00007ffcde7c0000 - 0x00007ffcde85c000 	C:\WINDOWS\System32\sechost.dll
0x00007ffcddc30000 - 0x00007ffcddd56000 	C:\WINDOWS\System32\RPCRT4.dll
0x00007ffcdde10000 - 0x00007ffcddfad000 	C:\WINDOWS\System32\USER32.dll
0x00007ffcc9230000 - 0x00007ffcc94ca000 	C:\WINDOWS\WinSxS\amd64_microsoft.windows.common-controls_6595b64144ccf1df_6.0.19041.1110_none_60b5254171f9507e\COMCTL32.dll
0x00007ffcdd560000 - 0x00007ffcdd582000 	C:\WINDOWS\System32\win32u.dll
0x00007ffcddc00000 - 0x00007ffcddc2b000 	C:\WINDOWS\System32\GDI32.dll
0x00007ffcdd860000 - 0x00007ffcdd970000 	C:\WINDOWS\System32\gdi32full.dll
0x00007ffcdd790000 - 0x00007ffcdd82d000 	C:\WINDOWS\System32\msvcp_win.dll
0x00007ffcd5990000 - 0x00007ffcd599a000 	C:\WINDOWS\SYSTEM32\VERSION.dll
0x00007ffcde3c0000 - 0x00007ffcde3f0000 	C:\WINDOWS\System32\IMM32.DLL
0x00007ffcc5d70000 - 0x00007ffcc5d7c000 	C:\Program Files\Java\jdk-17.0.1\bin\vcruntime140_1.dll
0x00007ffca8f20000 - 0x00007ffca8fad000 	C:\Program Files\Java\jdk-17.0.1\bin\msvcp140.dll
0x00007ffc34350000 - 0x00007ffc34f0e000 	C:\Program Files\Java\jdk-17.0.1\bin\server\jvm.dll
0x00007ffcde7b0000 - 0x00007ffcde7b8000 	C:\WINDOWS\System32\PSAPI.DLL
0x00007ffcb1520000 - 0x00007ffcb1529000 	C:\WINDOWS\SYSTEM32\WSOCK32.dll
0x00007ffcdbc80000 - 0x00007ffcdbca7000 	C:\WINDOWS\SYSTEM32\WINMM.dll
0x00007ffcde3f0000 - 0x00007ffcde45b000 	C:\WINDOWS\System32\WS2_32.dll
0x00007ffcdaac0000 - 0x00007ffcdaad2000 	C:\WINDOWS\SYSTEM32\kernel.appcore.dll
0x00007ffcc2830000 - 0x00007ffcc283a000 	C:\Program Files\Java\jdk-17.0.1\bin\jimage.dll
0x00007ffccf810000 - 0x00007ffccf9f4000 	C:\WINDOWS\SYSTEM32\DBGHELP.DLL
0x00007ffcc37d0000 - 0x00007ffcc3804000 	C:\WINDOWS\SYSTEM32\dbgcore.DLL
0x00007ffcdd4d0000 - 0x00007ffcdd552000 	C:\WINDOWS\System32\bcryptPrimitives.dll
0x00007ffcd8b90000 - 0x00007ffcd8b9e000 	C:\Program Files\Java\jdk-17.0.1\bin\instrument.dll
0x00007ffcc2800000 - 0x00007ffcc2825000 	C:\Program Files\Java\jdk-17.0.1\bin\java.dll

dbghelp: loaded successfully - version: 4.0.5 - missing functions: none
symbol engine: initialized successfully - sym options: 0x614 - pdb path: .;C:\Program Files\Java\jdk-17.0.1\bin;C:\WINDOWS\SYSTEM32;C:\WINDOWS\WinSxS\amd64_microsoft.windows.common-controls_6595b64144ccf1df_6.0.19041.1110_none_60b5254171f9507e;C:\Program Files\Java\jdk-17.0.1\bin\server

VM Arguments:
jvm_args: -XX:TieredStopAtLevel=1 -Dspring.output.ansi.enabled=always -Dcom.sun.management.jmxremote -Dspring.jmx.enabled=true -Dspring.liveBeansView.mbeanDomain -Dspring.application.admin.enabled=true -Dmanagement.endpoints.jmx.exposure.include=* -javaagent:D:\JavaCr\IntelliJ IDEA 2023.1\lib\idea_rt.jar=64712:D:\JavaCr\IntelliJ IDEA 2023.1\bin -Dfile.encoding=UTF-8 
java_command: back.Application
java_class_path (initial): D:\Курсы домашка\Курсы киты\Backend_curses\backend\target\classes;C:\Users\Gigabyte\.m2\repository\org\springframework\boot\spring-boot-starter-data-jpa\2.7.2\spring-boot-starter-data-jpa-2.7.2.jar;C:\Users\Gigabyte\.m2\repository\org\springframework\boot\spring-boot-starter-aop\2.7.2\spring-boot-starter-aop-2.7.2.jar;C:\Users\Gigabyte\.m2\repository\org\springframework\spring-aop\5.3.22\spring-aop-5.3.22.jar;C:\Users\Gigabyte\.m2\repository\org\aspectj\aspectjweaver\1.9.7\aspectjweaver-1.9.7.jar;C:\Users\Gigabyte\.m2\repository\org\springframework\boot\spring-boot-starter-jdbc\2.7.2\spring-boot-starter-jdbc-2.7.2.jar;C:\Users\Gigabyte\.m2\repository\com\zaxxer\HikariCP\4.0.3\HikariCP-4.0.3.jar;C:\Users\Gigabyte\.m2\repository\org\springframework\spring-jdbc\5.3.22\spring-jdbc-5.3.22.jar;C:\Users\Gigabyte\.m2\repository\jakarta\transaction\jakarta.transaction-api\1.3.3\jakarta.transaction-api-1.3.3.jar;C:\Users\Gigabyte\.m2\repository\jakarta\persistence\jakarta.persistence-api\2.2.3\jakarta.persistence-api-2.2.3.jar;C:\Users\Gigabyte\.m2\repository\org\hibernate\hibernate-core\5.6.10.Final\hibernate-core-5.6.10.Final.jar;C:\Users\Gigabyte\.m2\repository\org\jboss\logging\jboss-logging\3.4.3.Final\jboss-logging-3.4.3.Final.jar;C:\Users\Gigabyte\.m2\repository\net\bytebuddy\byte-buddy\1.12.12\byte-buddy-1.12.12.jar;C:\Users\Gigabyte\.m2\repository\antlr\antlr\2.7.7\antlr-2.7.7.jar;C:\Users\Gigabyte\.m2\repository\org\jboss\jandex\2.4.2.Final\jandex-2.4.2.Final.jar;C:\Users\Gigabyte\.m2\repository\com\fasterxml\classmate\1.5.1\classmate-1.5.1.jar;C:\Users\Gigabyte\.m2\repository\org\hibernate\common\hibernate-commons-annotations\5.1.2.Final\hibernate-commons-annotations-5.1.2.Final.jar;C:\Users\Gigabyte\.m2\repository\org\glassfish\jaxb\jaxb-runtime\2.3.6\jaxb-runtime-2.3.6.jar;C:\Users\Gigabyte\.m2\repository\org\glassfish\jaxb\txw2\2.3.6\txw2-2.3.6.jar;C:\Users\Gigabyte\.m2\repository\com\sun\istack\istack-commons-runtime\3.0.12\istack-c
Launcher Type: SUN_STANDARD

[Global flags]
     intx CICompilerCount                          = 12                                        {product} {ergonomic}
     uint ConcGCThreads                            = 3                                         {product} {ergonomic}
     uint G1ConcRefinementThreads                  = 13                                        {product} {ergonomic}
   size_t G1HeapRegionSize                         = 2097152                                   {product} {ergonomic}
    uintx GCDrainStackTargetSize                   = 64                                        {product} {ergonomic}
   size_t InitialHeapSize                          = 268435456                                 {product} {ergonomic}
     bool ManagementServer                         = true                                      {product} {command line}
   size_t MarkStackSize                            = 4194304                                   {product} {ergonomic}
   size_t MaxHeapSize                              = 4282384384                                {product} {ergonomic}
   size_t MinHeapDeltaBytes                        = 2097152                                   {product} {ergonomic}
   size_t MinHeapSize                              = 8388608                                   {product} {ergonomic}
    uintx NonProfiledCodeHeapSize                  = 0                                      {pd product} {ergonomic}
     bool ProfileInterpreter                       = false                                  {pd product} {command line}
    uintx ProfiledCodeHeapSize                     = 0                                      {pd product} {ergonomic}
   size_t SoftMaxHeapSize                          = 4282384384                             {manageable} {ergonomic}
     intx TieredStopAtLevel                        = 1                                         {product} {command line}
     bool UseCompressedClassPointers               = true                           {product lp64_product} {ergonomic}
     bool UseCompressedOops                        = true                           {product lp64_product} {ergonomic}
     bool UseG1GC                                  = true                                      {product} {ergonomic}
     bool UseLargePagesIndividualAllocation        = false                                  {pd product} {ergonomic}

Logging:
Log output configuration:
 #0: stdout all=warning uptime,level,tags
 #1: stderr all=off uptime,level,tags

Environment Variables:
PATH=C:\Program Files\Microsoft MPI\Bin\;C:\Program Files (x86)\Windows Resource Kits\Tools\;C:\Program Files\Common Files\Oracle\Java\javapath;C:\Program Files (x86)\Embarcadero\Studio\21.0\bin;C:\Users\Public\Documents\Embarcadero\Studio\21.0\Bpl;C:\Program Files (x86)\Embarcadero\Studio\21.0\bin64;C:\Users\Public\Documents\Embarcadero\Studio\21.0\Bpl\Win64;C:\Program Files (x86)\Common Files\Oracle\Java\javapath;C:\Windows\system32;C:\Windows;C:\Windows\System32\Wbem;C:\Windows\System32\WindowsPowerShell\v1.0\;C:\Windows\System32\OpenSSH\;C:\Program Files (x86)\NVIDIA Corporation\PhysX\Common;C:\Program Files\NVIDIA Corporation\NVIDIA NvDLISR;C:\Program Files (x86)\Windows Kits\10\Windows Performance Toolkit\;C:\WINDOWS\system32;C:\WINDOWS;C:\WINDOWS\System32\Wbem;C:\WINDOWS\System32\WindowsPowerShell\v1.0\;C:\WINDOWS\System32\OpenSSH\;C:\Program Files\dotnet\;C:\Program Files\Microsoft SQL Server\130\Tools\Binn\;D:\GraphViz\bin;C:\Flex Windows\EditPlusPortable;C:\Program Files\Microsoft SQL Server\Client SDK\ODBC\170\Tools\Binn\;C:\Program Files (x86)\Microsoft SQL Server\150\Tools\Binn\;C:\Program Files\Microsoft SQL Server\150\Tools\Binn\;C:\Program Files\Microsoft SQL Server\150\DTS\Binn\;C:\Program Files (x86)\Microsoft SQL Server\150\DTS\Binn\;C:\Program Files\Azure Data Studio\bin;C:\Users\Gigabyte\Desktop\apache-maven-3.9.0\bin;C:\Program Files\Git\cmd;C:\Program Files\Docker\Docker\resources\bin;D:\NodeJS\;C:\ProgramData\chocolatey\bin;C:\Program Files\MySQL\MySQL Shell 8.0\bin\;C:\Users\Gigabyte\AppData\Local\Microsoft\WindowsApps;C:\Program Files\JetBrains\PyCharm 2021.2.1\bin;;C:\Users\Gigabyte\.dotnet\tools;D:\Brackets\;C:\Program Files\Azure Data Studio\bin;C:\Users\Gigabyte\Desktop\apache-maven-3.9.0\bin;D:\JavaCr\IntelliJ IDEA 2023.1\bin;;D:\WebStorm\WebStorm 2023.1\bin;;C:\Users\Gigabyte\AppData\Roaming\npm
USERNAME=Gigabyte
OS=Windows_NT
PROCESSOR_IDENTIFIER=AMD64 Family 23 Model 8 Stepping 2, AuthenticAMD



---------------  S Y S T E M  ---------------

OS:
 Windows 10 , 64 bit Build 19041 (10.0.19041.2788)
OS uptime: 0 days 18:57 hours
Hyper-V role detected

CPU: total 16 (initial active 16) (16 cores per cpu, 2 threads per core) family 23 model 8 stepping 2 microcode 0x0, cx8, cmov, fxsr, ht, mmx, 3dnowpref, sse, sse2, sse3, ssse3, sse4a, sse4.1, sse4.2, popcnt, lzcnt, tsc, tscinvbit, avx, avx2, aes, clmul, bmi1, bmi2, adx, sha, fma, vzeroupper, clflush, clflushopt, hv

Memory: 4k page, system-wide physical 16329M (2641M free)
TotalPageFile size 27023M (AvailPageFile size 154M)
current process WorkingSet (physical memory assigned to process): 11M, peak: 11M
current process commit charge ("private bytes"): 65M, peak: 321M

vm_info: Java HotSpot(TM) 64-Bit Server VM (17.0.1+12-LTS-39) for windows-amd64 JRE (17.0.1+12-LTS-39), built on Sep 27 2021 18:41:35 by "mach5one" with MS VC++ 16.8 (VS2019)

END.
